<?xml version="1.0" encoding="UTF-8"?>
<!-- Generated by org.testng.reporters.JUnitReportReporter -->
<testsuite hostname="qaplanet-PC" name="webServicesTestCases.TC1_GET_Request" tests="1" failures="0" timestamp="18 Jul 2019 10:51:34 GMT" time="2.331" errors="0">
  <testcase name="getWeatherDetails" time="2.331" classname="webServicesTestCases.TC1_GET_Request"/>
</testsuite> <!-- webServicesTestCases.TC1_GET_Request -->
